# JRE version: OpenJDK Runtime Environment (8.0_242-b01) (build 1.8.0_242-release-1644-b01)
# Java VM: OpenJDK 64-Bit Server VM (25.242-b01 mixed mode windows-amd64 compressed oops)
Heap:
 PSYoungGen      total 196608K, used 196599K [0x00000000d5580000, 0x00000000e3780000, 0x0000000100000000)
  eden space 177152K, 100% used [0x00000000d5580000,0x00000000e0280000,0x00000000e0280000)
  from space 19456K, 99% used [0x00000000e1b00000,0x00000000e2dfdf90,0x00000000e2e00000)
  to   space 25088K, 53% used [0x00000000e0280000,0x00000000e0fb9ef8,0x00000000e1b00000)
 ParOldGen       total 144384K, used 47780K [0x0000000080000000, 0x0000000088d00000, 0x00000000d5580000)
  object space 144384K, 33% used [0x0000000080000000,0x0000000082ea9228,0x0000000088d00000)
 Metaspace       used 85394K, capacity 90094K, committed 90288K, reserved 1126400K
  class space    used 11703K, capacity 12596K, committed 12720K, reserved 1048576K
GC Heap History (10 events):
Event: 7.596 GC heap after
Heap after GC invocations=13 (full 2):
 PSYoungGen      total 150528K, used 13804K [0x00000000d5580000, 0x00000000e1000000, 0x0000000100000000)
  eden space 136704K, 0% used [0x00000000d5580000,0x00000000d5580000,0x00000000ddb00000)
  from space 13824K, 99% used [0x00000000ddb00000,0x00000000de87b0a8,0x00000000de880000)
  to   space 17920K, 0% used [0x00000000dfe80000,0x00000000dfe80000,0x00000000e1000000)
 ParOldGen       total 94720K, used 23021K [0x0000000080000000, 0x0000000085c80000, 0x00000000d5580000)
  object space 94720K, 24% used [0x0000000080000000,0x000000008167b468,0x0000000085c80000)
 Metaspace       used 54318K, capacity 56362K, committed 56624K, reserved 1097728K
  class space    used 7402K, capacity 7882K, committed 7984K, reserved 1048576K
}
Event: 7.968 GC heap before
{Heap before GC invocations=14 (full 2):
 PSYoungGen      total 150528K, used 47989K [0x00000000d5580000, 0x00000000e1000000, 0x0000000100000000)
  eden space 136704K, 25% used [0x00000000d5580000,0x00000000d76e2448,0x00000000ddb00000)
  from space 13824K, 99% used [0x00000000ddb00000,0x00000000de87b0a8,0x00000000de880000)
  to   space 17920K, 0% used [0x00000000dfe80000,0x00000000dfe80000,0x00000000e1000000)
 ParOldGen       total 94720K, used 23021K [0x0000000080000000, 0x0000000085c80000, 0x00000000d5580000)
  object space 94720K, 24% used [0x0000000080000000,0x000000008167b468,0x0000000085c80000)
 Metaspace       used 57100K, capacity 59080K, committed 59160K, reserved 1099776K
  class space    used 7830K, capacity 8325K, committed 8368K, reserved 1048576K
Event: 7.982 GC heap after
Heap after GC invocations=14 (full 2):
 PSYoungGen      total 173056K, used 3602K [0x00000000d5580000, 0x00000000e2380000, 0x0000000100000000)
  eden space 155136K, 0% used [0x00000000d5580000,0x00000000d5580000,0x00000000ded00000)
  from space 17920K, 20% used [0x00000000dfe80000,0x00000000e0204a78,0x00000000e1000000)
  to   space 17920K, 0% used [0x00000000ded00000,0x00000000ded00000,0x00000000dfe80000)
 ParOldGen       total 94720K, used 31771K [0x0000000080000000, 0x0000000085c80000, 0x00000000d5580000)
  object space 94720K, 33% used [0x0000000080000000,0x0000000081f06f30,0x0000000085c80000)
 Metaspace       used 57100K, capacity 59080K, committed 59160K, reserved 1099776K
  class space    used 7830K, capacity 8325K, committed 8368K, reserved 1048576K
}
Event: 7.982 GC heap before
{Heap before GC invocations=15 (full 3):
 PSYoungGen      total 173056K, used 3602K [0x00000000d5580000, 0x00000000e2380000, 0x0000000100000000)
  eden space 155136K, 0% used [0x00000000d5580000,0x00000000d5580000,0x00000000ded00000)
  from space 17920K, 20% used [0x00000000dfe80000,0x00000000e0204a78,0x00000000e1000000)
  to   space 17920K, 0% used [0x00000000ded00000,0x00000000ded00000,0x00000000dfe80000)
 ParOldGen       total 94720K, used 31771K [0x0000000080000000, 0x0000000085c80000, 0x00000000d5580000)
  object space 94720K, 33% used [0x0000000080000000,0x0000000081f06f30,0x0000000085c80000)
 Metaspace       used 57100K, capacity 59080K, committed 59160K, reserved 1099776K
  class space    used 7830K, capacity 8325K, committed 8368K, reserved 1048576K
Event: 8.216 GC heap after
Heap after GC invocations=15 (full 3):
 PSYoungGen      total 173056K, used 0K [0x00000000d5580000, 0x00000000e2380000, 0x0000000100000000)
  eden space 155136K, 0% used [0x00000000d5580000,0x00000000d5580000,0x00000000ded00000)
  from space 17920K, 0% used [0x00000000dfe80000,0x00000000dfe80000,0x00000000e1000000)
  to   space 17920K, 0% used [0x00000000ded00000,0x00000000ded00000,0x00000000dfe80000)
 ParOldGen       total 144384K, used 29631K [0x0000000080000000, 0x0000000088d00000, 0x00000000d5580000)
  object space 144384K, 20% used [0x0000000080000000,0x0000000081ceffd8,0x0000000088d00000)
 Metaspace       used 57069K, capacity 58972K, committed 59160K, reserved 1099776K
  class space    used 7820K, capacity 8307K, committed 8368K, reserved 1048576K
}
Event: 9.911 GC heap before
{Heap before GC invocations=16 (full 3):
 PSYoungGen      total 173056K, used 155136K [0x00000000d5580000, 0x00000000e2380000, 0x0000000100000000)
  eden space 155136K, 100% used [0x00000000d5580000,0x00000000ded00000,0x00000000ded00000)
  from space 17920K, 0% used [0x00000000dfe80000,0x00000000dfe80000,0x00000000e1000000)
  to   space 17920K, 0% used [0x00000000ded00000,0x00000000ded00000,0x00000000dfe80000)
 ParOldGen       total 144384K, used 29631K [0x0000000080000000, 0x0000000088d00000, 0x00000000d5580000)
  object space 144384K, 20% used [0x0000000080000000,0x0000000081ceffd8,0x0000000088d00000)
 Metaspace       used 64497K, capacity 67802K, committed 68016K, reserved 1107968K
  class space    used 8997K, capacity 9646K, committed 9648K, reserved 1048576K
Event: 9.921 GC heap after
Heap after GC invocations=16 (full 3):
 PSYoungGen      total 173056K, used 14339K [0x00000000d5580000, 0x00000000e2e00000, 0x0000000100000000)
  eden space 155136K, 0% used [0x00000000d5580000,0x00000000d5580000,0x00000000ded00000)
  from space 17920K, 80% used [0x00000000ded00000,0x00000000dfb00f78,0x00000000dfe80000)
  to   space 19456K, 0% used [0x00000000e1b00000,0x00000000e1b00000,0x00000000e2e00000)
 ParOldGen       total 144384K, used 29639K [0x0000000080000000, 0x0000000088d00000, 0x00000000d5580000)
  object space 144384K, 20% used [0x0000000080000000,0x0000000081cf1fd8,0x0000000088d00000)
 Metaspace       used 64497K, capacity 67802K, committed 68016K, reserved 1107968K
  class space    used 8997K, capacity 9646K, committed 9648K, reserved 1048576K
}
Event: 12.011 GC heap before
{Heap before GC invocations=17 (full 3):
 PSYoungGen      total 173056K, used 169475K [0x00000000d5580000, 0x00000000e2e00000, 0x0000000100000000)
  eden space 155136K, 100% used [0x00000000d5580000,0x00000000ded00000,0x00000000ded00000)
  from space 17920K, 80% used [0x00000000ded00000,0x00000000dfb00f78,0x00000000dfe80000)
  to   space 19456K, 0% used [0x00000000e1b00000,0x00000000e1b00000,0x00000000e2e00000)
 ParOldGen       total 144384K, used 29639K [0x0000000080000000, 0x0000000088d00000, 0x00000000d5580000)
  object space 144384K, 20% used [0x0000000080000000,0x0000000081cf1fd8,0x0000000088d00000)
 Metaspace       used 77814K, capacity 82106K, committed 82352K, reserved 1120256K
  class space    used 10897K, capacity 11678K, committed 11696K, reserved 1048576K
Event: 12.033 GC heap after
Heap after GC invocations=17 (full 3):
 PSYoungGen      total 196608K, used 19447K [0x00000000d5580000, 0x00000000e3780000, 0x0000000100000000)
  eden space 177152K, 0% used [0x00000000d5580000,0x00000000d5580000,0x00000000e0280000)
  from space 19456K, 99% used [0x00000000e1b00000,0x00000000e2dfdf90,0x00000000e2e00000)
  to   space 25088K, 0% used [0x00000000e0280000,0x00000000e0280000,0x00000000e1b00000)
 ParOldGen       total 144384K, used 37631K [0x0000000080000000, 0x0000000088d00000, 0x00000000d5580000)
  object space 144384K, 26% used [0x0000000080000000,0x00000000824bfc88,0x0000000088d00000)
 Metaspace       used 77814K, capacity 82106K, committed 82352K, reserved 1120256K
  class space    used 10897K, capacity 11678K, committed 11696K, reserved 1048576K
}
Event: 489.943 GC heap before
{Heap before GC invocations=18 (full 3):
 PSYoungGen      total 196608K, used 196599K [0x00000000d5580000, 0x00000000e3780000, 0x0000000100000000)
  eden space 177152K, 100% used [0x00000000d5580000,0x00000000e0280000,0x00000000e0280000)
  from space 19456K, 99% used [0x00000000e1b00000,0x00000000e2dfdf90,0x00000000e2e00000)
  to   space 25088K, 0% used [0x00000000e0280000,0x00000000e0280000,0x00000000e1b00000)
 ParOldGen       total 144384K, used 37631K [0x0000000080000000, 0x0000000088d00000, 0x00000000d5580000)
  object space 144384K, 26% used [0x0000000080000000,0x00000000824bfc88,0x0000000088d00000)
 Metaspace       used 85394K, capacity 90094K, committed 90288K, reserved 1126400K
  class space    used 11703K, capacity 12596K, committed 12720K, reserved 1048576K

